<?xml version="1.0" encoding="UTF-8"?>
<testsuite xmlns:xsi="http://www.w3.org/2001/XMLSchema-instance" xsi:noNamespaceSchemaLocation="https://maven.apache.org/surefire/maven-surefire-plugin/xsd/surefire-test-report.xsd" name="TestSuite" time="0.506" tests="22" errors="0" skipped="0" failures="0">
  <properties>
[...]
</properties>
  <testcase name="testCalculateArea" classname="com.example.action.TriangleActionTest" time="0.005"/>
  <testcase name="testCalculatePerimeter" classname="com.example.action.TriangleActionTest" time="0"/>
  <testcase name="testIsEquilateralTriangle" classname="com.example.action.TriangleActionTest" time="0"/>
  <testcase name="testIsRightTriangle" classname="com.example.action.TriangleActionTest" time="0"/>
  <testcase name="testPointCreation" classname="com.example.entity.PointTest" time="0"/>
  <testcase name="testPointEquality" classname="com.example.entity.PointTest" time="0"/>
  <testcase name="testPointHashCode" classname="com.example.entity.PointTest" time="0"/>
  <testcase name="testPointToString" classname="com.example.entity.PointTest" time="0"/>
  <testcase name="testArePointsCollinear" classname="com.example.entity.TriangleTest" time="0"/>
  <testcase name="testTriangleCreation" classname="com.example.entity.TriangleTest" time="0"/>
  <testcase name="testTriangleEquality" classname="com.example.entity.TriangleTest" time="0"/>
  <testcase name="testTriangleHashCode" classname="com.example.entity.TriangleTest" time="0"/>
  <testcase name="testTriangleToString" classname="com.example.entity.TriangleTest" time="0"/>
  <testcase name="testInvalidPoint_NaN" classname="com.example.validator.PointValidatorTest" time="0"/>
  <testcase name="testInvalidPoint_NegativeInfinity" classname="com.example.validator.PointValidatorTest" time="0"/>
  <testcase name="testInvalidPoint_PositiveInfinity" classname="com.example.validator.PointValidatorTest" time="0"/>
  <testcase name="testValidPoint" classname="com.example.validator.PointValidatorTest" time="0"/>
  <testcase name="testInvalidTriangle_CollinearPoints" classname="com.example.validator.TriangleValidatorTest" time="0"/>
  <testcase name="testInvalidTriangle_InvalidPoint" classname="com.example.validator.TriangleValidatorTest" time="0"/>
  <testcase name="testInvalidTriangle_NegativeInfinityPoint" classname="com.example.validator.TriangleValidatorTest" time="0"/>
  <testcase name="testInvalidTriangle_PositiveInfinityPoint" classname="com.example.validator.TriangleValidatorTest" time="0"/>
  <testcase name="testValidTriangle" classname="com.example.validator.TriangleValidatorTest" time="0"/>
</testsuite>