<?xml version="1.0" encoding="UTF-8"?>
<!-- Generated by org.testng.reporters.JUnitXMLReporter -->
<testsuite ignored="0" hostname="Finolitik" failures="0" tests="22" name="Surefire test" time="0.031" errors="0" timestamp="2024-10-24T18:37:05 MSK">
  <testcase classname="com.example.action.TriangleActionTest" name="testCalculateArea" time="0.004"/>
  <testcase classname="com.example.action.TriangleActionTest" name="testCalculatePerimeter" time="0.0"/>
  <testcase classname="com.example.action.TriangleActionTest" name="testIsEquilateralTriangle" time="0.0"/>
  <testcase classname="com.example.action.TriangleActionTest" name="testIsRightTriangle" time="0.0"/>
  <testcase classname="com.example.entity.PointTest" name="testPointCreation" time="0.0"/>
  <testcase classname="com.example.entity.PointTest" name="testPointEquality" time="0.0"/>
  <testcase classname="com.example.entity.PointTest" name="testPointHashCode" time="0.0"/>
  <testcase classname="com.example.entity.PointTest" name="testPointToString" time="0.0"/>
  <testcase classname="com.example.entity.TriangleTest" name="testArePointsCollinear" time="0.0"/>
  <testcase classname="com.example.entity.TriangleTest" name="testTriangleCreation" time="0.0"/>
  <testcase classname="com.example.entity.TriangleTest" name="testTriangleEquality" time="0.0"/>
  <testcase classname="com.example.entity.TriangleTest" name="testTriangleHashCode" time="0.0"/>
  <testcase classname="com.example.entity.TriangleTest" name="testTriangleToString" time="0.0"/>
  <testcase classname="com.example.validator.PointValidatorTest" name="testInvalidPoint_NaN" time="0.0"/>
  <testcase classname="com.example.validator.PointValidatorTest" name="testInvalidPoint_NegativeInfinity" time="0.0"/>
  <testcase classname="com.example.validator.PointValidatorTest" name="testInvalidPoint_PositiveInfinity" time="0.0"/>
  <testcase classname="com.example.validator.PointValidatorTest" name="testValidPoint" time="0.0"/>
  <testcase classname="com.example.validator.TriangleValidatorTest" name="testInvalidTriangle_CollinearPoints" time="0.0"/>
  <testcase classname="com.example.validator.TriangleValidatorTest" name="testInvalidTriangle_InvalidPoint" time="0.0"/>
  <testcase classname="com.example.validator.TriangleValidatorTest" name="testInvalidTriangle_NegativeInfinityPoint" time="0.0"/>
  <testcase classname="com.example.validator.TriangleValidatorTest" name="testInvalidTriangle_PositiveInfinityPoint" time="0.0"/>
  <testcase classname="com.example.validator.TriangleValidatorTest" name="testValidTriangle" time="0.0"/>
</testsuite> <!-- Surefire test -->
